0 info it worked if it ends with ok
1 verbose cli [ 'C:\\Program Files\\nodejs\\node.exe',
1 verbose cli   'C:\\Users\\jmurkoth\\AppData\\Roaming\\npm\\node_modules\\npm\\bin\\npm-cli.js',
1 verbose cli   'run',
1 verbose cli   'tslint' ]
2 info using npm@3.10.5
3 info using node@v4.4.7
4 verbose run-script [ 'pretslint', 'tslint', 'posttslint' ]
5 info lifecycle angular2-basics@1.0.0~pretslint: angular2-basics@1.0.0
6 silly lifecycle angular2-basics@1.0.0~pretslint: no script for pretslint, continuing
7 info lifecycle angular2-basics@1.0.0~tslint: angular2-basics@1.0.0
8 verbose lifecycle angular2-basics@1.0.0~tslint: unsafe-perm in lifecycle true
9 verbose lifecycle angular2-basics@1.0.0~tslint: PATH: C:\Users\jmurkoth\AppData\Roaming\npm\node_modules\npm\bin\node-gyp-bin;d:\delete\angular2-Basics\node_modules\.bin;C:\Program Files\nodejs;D:\Utilities\cmder\bin;D:\Utilities\cmder\vendor\conemu-maximus5\ConEmu\Scripts;D:\Utilities\cmder\vendor\conemu-maximus5;D:\Utilities\cmder\vendor\conemu-maximus5\ConEmu;C:\ProgramData\Oracle\Java\javapath;C:\Program Files\Microsoft MPI\Bin\;C:\Program Files (x86)\Intel\iCLS Client\;C:\Program Files\Intel\iCLS Client\;C:\windows\system32;C:\windows;C:\windows\System32\Wbem;C:\windows\System32\WindowsPowerShell\v1.0\;C:\Program Files\Intel\Intel(R) Management Engine Components\DAL;C:\Program Files (x86)\Intel\Intel(R) Management Engine Components\DAL;C:\Program Files\Intel\Intel(R) Management Engine Components\IPT;C:\Program Files (x86)\Intel\Intel(R) Management Engine Components\IPT;C:\Program Files\Intel\WiFi\bin\;C:\Program Files\Common Files\Intel\WirelessCommon\;C:\Program Files\nodejs\;C:\Program Files (x86)\Windows Kits\8.1\Windows Performance Toolkit\;C:\Program Files\Microsoft SQL Server\110\Tools\Binn\;C:\Program Files\Microsoft SQL Server\120\Tools\Binn\;C:\Program Files\Microsoft SQL Server\130\Tools\Binn\;C:\Program Files\Git\cmd;C:\Program Files\Microsoft SQL Server\Client SDK\ODBC\130\Tools\Binn\;C:\Program Files (x86)\Microsoft SQL Server\130\Tools\Binn\;C:\Program Files\Microsoft SQL Server\130\DTS\Binn\;C:\Program Files (x86)\Microsoft SQL Server\Client SDK\ODBC\130\Tools\Binn\;C:\Program Files (x86)\Microsoft SQL Server\130\DTS\Binn\;C:\Program Files (x86)\Microsoft SQL Server\130\Tools\Binn\ManagementStudio\;C:\Program Files (x86)\Windows Live\Shared;C:\Program Files (x86)\Microsoft SQL Server\110\DTS\Binn\;C:\Program Files (x86)\Microsoft SQL Server\120\DTS\Binn\;C:\Program Files\dotnet\;C:\Users\jmurkoth\AppData\Roaming\npm;C:\Program Files (x86)\Microsoft VS Code\bin;C:\Program Files\Git\usr\bin;C:\Program Files\Git\usr\share\vim\vim74;D:\Utilities\cmder\
10 verbose lifecycle angular2-basics@1.0.0~tslint: CWD: d:\delete\angular2-Basics
11 silly lifecycle angular2-basics@1.0.0~tslint: Args: [ '/d /s /c', 'tslint -c tslint.json app/**/*.ts' ]
12 silly lifecycle angular2-basics@1.0.0~tslint: Returned: code: 2  signal: null
13 info lifecycle angular2-basics@1.0.0~tslint: Failed to exec tslint script
14 verbose stack Error: angular2-basics@1.0.0 tslint: `tslint -c tslint.json app/**/*.ts`
14 verbose stack Exit status 2
14 verbose stack     at EventEmitter.<anonymous> (C:\Users\jmurkoth\AppData\Roaming\npm\node_modules\npm\lib\utils\lifecycle.js:242:16)
14 verbose stack     at emitTwo (events.js:87:13)
14 verbose stack     at EventEmitter.emit (events.js:172:7)
14 verbose stack     at ChildProcess.<anonymous> (C:\Users\jmurkoth\AppData\Roaming\npm\node_modules\npm\lib\utils\spawn.js:40:14)
14 verbose stack     at emitTwo (events.js:87:13)
14 verbose stack     at ChildProcess.emit (events.js:172:7)
14 verbose stack     at maybeClose (internal/child_process.js:827:16)
14 verbose stack     at Process.ChildProcess._handle.onexit (internal/child_process.js:211:5)
15 verbose pkgid angular2-basics@1.0.0
16 verbose cwd d:\delete\angular2-Basics
17 error Windows_NT 6.3.9600
18 error argv "C:\\Program Files\\nodejs\\node.exe" "C:\\Users\\jmurkoth\\AppData\\Roaming\\npm\\node_modules\\npm\\bin\\npm-cli.js" "run" "tslint"
19 error node v4.4.7
20 error npm  v3.10.5
21 error code ELIFECYCLE
22 error angular2-basics@1.0.0 tslint: `tslint -c tslint.json app/**/*.ts`
22 error Exit status 2
23 error Failed at the angular2-basics@1.0.0 tslint script 'tslint -c tslint.json app/**/*.ts'.
23 error Make sure you have the latest version of node.js and npm installed.
23 error If you do, this is most likely a problem with the angular2-basics package,
23 error not with npm itself.
23 error Tell the author that this fails on your system:
23 error     tslint -c tslint.json app/**/*.ts
23 error You can get information on how to open an issue for this project with:
23 error     npm bugs angular2-basics
23 error Or if that isn't available, you can get their info via:
23 error     npm owner ls angular2-basics
23 error There is likely additional logging output above.
24 verbose exit [ 1, true ]
